
--------
Starting eu->uua
--------
T = 0.0008617329999999999
Parameters
----------
ma = 0.511
mb = 106.0
m1 = 106.0
m2 = 106.0
pFa = 193.5970754338753
pFb = 162.00027388109442
pF1 = 162.00027388109442
pF2 = 162.00027388109442
mu_a = 193.59774982563616
mu_b = 193.59774982563616
mu_1 = 193.59774982563616
mu_2 = 193.59774982563616
beta_F_mu = 0.836788
n = 10
m3 = 0
neval = 10000000
itn   integral        wgt average     chi2/dof        Q
-------------------------------------------------------
  1   2.31(89)e-07    2.31(89)e-07        0.00     1.00
  2   1.57(87)e-07    1.93(62)e-07        0.35     0.55
  3   1.28(53)e-07    1.55(40)e-07        0.49     0.61
  4   1.83(55)e-07    1.65(33)e-07        0.38     0.77
  5   1.76(94)e-07    1.66(31)e-07        0.29     0.88
  6   1.10(44)e-07    1.47(25)e-07        0.45     0.81
  7   1.61(94)e-07    1.48(24)e-07        0.38     0.89
  8   7.9(4.5)e-08    1.33(21)e-07        0.58     0.77
  9   1.58(70)e-07    1.35(21)e-07        0.52     0.84
 10   1.15(38)e-07    1.30(18)e-07        0.49     0.88

result = 1.30(18)e-07    Q = 0.88
Time elapsed: 404.05
ma = 0.511
mb = 106.0
m1 = 106.0
m2 = 106.0
pFa = 193.5970754338753
pFb = 162.00027388109442
pF1 = 162.00027388109442
pF2 = 162.00027388109442
mu_a = 193.59774982563616
mu_b = 193.59774982563616
mu_1 = 193.59774982563616
mu_2 = 193.59774982563616
beta_F_mu = 0.836788
n = 10
m3 = 0
neval = 10000000
Columns:T / 10^9 K,emissivity (ergs/cm^3/s),error
file updated at results/eu-to-uua/emissivity-vs-T-beta_F_mu=8.368e-01-n=10-m3=0-neval=10000000.csv

--------
Starting eu->uua
--------
T = 0.00861733
Parameters
----------
ma = 0.511
mb = 106.0
m1 = 106.0
m2 = 106.0
pFa = 193.5970754338753
pFb = 162.00027388109442
pF1 = 162.00027388109442
pF2 = 162.00027388109442
mu_a = 193.59774982563616
mu_b = 193.59774982563616
mu_1 = 193.59774982563616
mu_2 = 193.59774982563616
beta_F_mu = 0.836788
n = 10
m3 = 0
neval = 10000000
itn   integral        wgt average     chi2/dof        Q
-------------------------------------------------------
  1   13.5(2.6)       13.5(2.6)           0.00     1.00
  2   16.0(3.2)       14.5(2.0)           0.40     0.53
  3   13.8(2.2)       14.2(1.5)           0.22     0.80
  4   9.9(2.6)        13.2(1.3)           0.85     0.47
  5   15.0(3.5)       13.4(1.2)           0.69     0.60
  6   12.3(2.2)       13.1(1.1)           0.59     0.71
  7   12.6(2.7)       13.05(98)           0.50     0.81
  8   12.2(2.0)       12.89(88)           0.45     0.87
  9   10.6(1.6)       12.37(78)           0.58     0.79
 10   12.6(2.3)       12.39(74)           0.52     0.86

result = 12.39(74)    Q = 0.86
Time elapsed: 406.44
ma = 0.511
mb = 106.0
m1 = 106.0
m2 = 106.0
pFa = 193.5970754338753
pFb = 162.00027388109442
pF1 = 162.00027388109442
pF2 = 162.00027388109442
mu_a = 193.59774982563616
mu_b = 193.59774982563616
mu_1 = 193.59774982563616
mu_2 = 193.59774982563616
beta_F_mu = 0.836788
n = 10
m3 = 0
neval = 10000000
Columns:T / 10^9 K,emissivity (ergs/cm^3/s),error
file updated at results/eu-to-uua/emissivity-vs-T-beta_F_mu=8.368e-01-n=10-m3=0-neval=10000000.csv

--------
Starting eu->uua
--------
T = 0.0861733
Parameters
----------
ma = 0.511
mb = 106.0
m1 = 106.0
m2 = 106.0
pFa = 193.5970754338753
pFb = 162.00027388109442
pF1 = 162.00027388109442
pF2 = 162.00027388109442
mu_a = 193.59774982563616
mu_b = 193.59774982563616
mu_1 = 193.59774982563616
mu_2 = 193.59774982563616
beta_F_mu = 0.836788
n = 10
m3 = 0
neval = 10000000
itn   integral        wgt average     chi2/dof        Q
-------------------------------------------------------
  1   1.44(16)e+09    1.44(16)e+09        0.00     1.00
  2   1.136(64)e+09   1.177(59)e+09       3.13     0.08
  3   1.307(91)e+09   1.216(50)e+09       2.28     0.10
  4   1.30(12)e+09    1.228(46)e+09       1.66     0.17
  5   1.163(77)e+09   1.211(39)e+09       1.37     0.24
  6   1.364(88)e+09   1.236(36)e+09       1.60     0.16
  7   1.32(11)e+09    1.245(34)e+09       1.43     0.20
  8   1.22(11)e+09    1.243(33)e+09       1.23     0.28
  9   1.353(82)e+09   1.258(30)e+09       1.27     0.25
 10   1.42(12)e+09    1.268(29)e+09       1.33     0.21

result = 1.268(29)e+09    Q = 0.21
Time elapsed: 403.36
ma = 0.511
mb = 106.0
m1 = 106.0
m2 = 106.0
pFa = 193.5970754338753
pFb = 162.00027388109442
pF1 = 162.00027388109442
pF2 = 162.00027388109442
mu_a = 193.59774982563616
mu_b = 193.59774982563616
mu_1 = 193.59774982563616
mu_2 = 193.59774982563616
beta_F_mu = 0.836788
n = 10
m3 = 0
neval = 10000000
Columns:T / 10^9 K,emissivity (ergs/cm^3/s),error
file updated at results/eu-to-uua/emissivity-vs-T-beta_F_mu=8.368e-01-n=10-m3=0-neval=10000000.csv

--------
Starting eu->uua
--------
T = 0.861733
Parameters
----------
ma = 0.511
mb = 106.0
m1 = 106.0
m2 = 106.0
pFa = 193.5970754338753
pFb = 162.00027388109442
pF1 = 162.00027388109442
pF2 = 162.00027388109442
mu_a = 193.59774982563616
mu_b = 193.59774982563616
mu_1 = 193.59774982563616
mu_2 = 193.59774982563616
beta_F_mu = 0.836788
n = 10
m3 = 0
neval = 10000000
itn   integral        wgt average     chi2/dof        Q
-------------------------------------------------------
  1   1.184(19)e+17   1.184(19)e+17       0.00     1.00
  2   1.195(22)e+17   1.189(14)e+17       0.13     0.72
  3   1.222(21)e+17   1.199(12)e+17       0.89     0.41
  4   1.163(15)e+17   1.1849(93)e+17      1.78     0.15
  5   1.212(22)e+17   1.1890(86)e+17      1.65     0.16
  6   1.185(17)e+17   1.1881(77)e+17      1.33     0.25
  7   1.233(25)e+17   1.1920(73)e+17      1.61     0.14
  8   1.187(17)e+17   1.1913(67)e+17      1.39     0.21
  9   1.171(17)e+17   1.1885(63)e+17      1.37     0.20
 10   1.179(17)e+17   1.1874(59)e+17      1.25     0.26

result = 1.1874(59)e+17    Q = 0.26
Time elapsed: 408.07
ma = 0.511
mb = 106.0
m1 = 106.0
m2 = 106.0
pFa = 193.5970754338753
pFb = 162.00027388109442
pF1 = 162.00027388109442
pF2 = 162.00027388109442
mu_a = 193.59774982563616
mu_b = 193.59774982563616
mu_1 = 193.59774982563616
mu_2 = 193.59774982563616
beta_F_mu = 0.836788
n = 10
m3 = 0
neval = 10000000
Columns:T / 10^9 K,emissivity (ergs/cm^3/s),error
file updated at results/eu-to-uua/emissivity-vs-T-beta_F_mu=8.368e-01-n=10-m3=0-neval=10000000.csv

--------
Starting eu->uua
--------
T = 8.617329999999999
Parameters
----------
ma = 0.511
mb = 106.0
m1 = 106.0
m2 = 106.0
pFa = 193.5970754338753
pFb = 162.00027388109442
pF1 = 162.00027388109442
pF2 = 162.00027388109442
mu_a = 193.59774982563616
mu_b = 193.59774982563616
mu_1 = 193.59774982563616
mu_2 = 193.59774982563616
beta_F_mu = 0.836788
n = 10
m3 = 0
neval = 10000000
itn   integral        wgt average     chi2/dof        Q
-------------------------------------------------------
  1   1.273(11)e+25   1.273(11)e+25       0.00     1.00
  2   1.2600(62)e+25  1.2632(54)e+25      1.10     0.29
  3   1.276(12)e+25   1.2654(49)e+25      1.04     0.36
  4   1.2722(93)e+25  1.2669(44)e+25      0.83     0.48
  5   1.2751(90)e+25  1.2684(39)e+25      0.79     0.53
  6   1.2753(72)e+25  1.2700(34)e+25      0.77     0.57
  7   1.285(11)e+25   1.2714(33)e+25      0.94     0.46
  8   1.2769(82)e+25  1.2722(30)e+25      0.86     0.53
  9   1.347(63)e+25   1.2724(30)e+25      0.93     0.49
 10   1.274(16)e+25   1.2724(30)e+25      0.83     0.59

result = 1.2724(30)e+25    Q = 0.59
Time elapsed: 409.71
ma = 0.511
mb = 106.0
m1 = 106.0
m2 = 106.0
pFa = 193.5970754338753
pFb = 162.00027388109442
pF1 = 162.00027388109442
pF2 = 162.00027388109442
mu_a = 193.59774982563616
mu_b = 193.59774982563616
mu_1 = 193.59774982563616
mu_2 = 193.59774982563616
beta_F_mu = 0.836788
n = 10
m3 = 0
neval = 10000000
Columns:T / 10^9 K,emissivity (ergs/cm^3/s),error
file updated at results/eu-to-uua/emissivity-vs-T-beta_F_mu=8.368e-01-n=10-m3=0-neval=10000000.csv

--------
Starting eu->uua
--------
T = 86.1733
Parameters
----------
ma = 0.511
mb = 106.0
m1 = 106.0
m2 = 106.0
pFa = 193.5970754338753
pFb = 162.00027388109442
pF1 = 162.00027388109442
pF2 = 162.00027388109442
mu_a = 193.59774982563616
mu_b = 193.59774982563616
mu_1 = 193.59774982563616
mu_2 = 193.59774982563616
beta_F_mu = 0.836788
n = 10
m3 = 0
neval = 10000000
itn   integral        wgt average     chi2/dof        Q
-------------------------------------------------------
  1   2.439(82)e+32   2.439(82)e+32       0.00     1.00
  2   2.59(13)e+32    2.482(70)e+32       0.99     0.32
  3   2.364(59)e+32   2.414(45)e+32       1.32     0.27
  4   2.393(67)e+32   2.407(37)e+32       0.90     0.44
  5   2.348(47)e+32   2.384(29)e+32       0.92     0.45
  6   3.9(1.2)e+32    2.385(29)e+32       1.03     0.40
  7   2.422(51)e+32   2.394(25)e+32       0.93     0.47
  8   2.397(65)e+32   2.395(24)e+32       0.79     0.59
  9   2.65(13)e+32    2.402(23)e+32       1.13     0.34
 10   2.392(50)e+32   2.400(21)e+32       1.00     0.43

result = 2.400(21)e+32    Q = 0.43
Time elapsed: 417.17
ma = 0.511
mb = 106.0
m1 = 106.0
m2 = 106.0
pFa = 193.5970754338753
pFb = 162.00027388109442
pF1 = 162.00027388109442
pF2 = 162.00027388109442
mu_a = 193.59774982563616
mu_b = 193.59774982563616
mu_1 = 193.59774982563616
mu_2 = 193.59774982563616
beta_F_mu = 0.836788
n = 10
m3 = 0
neval = 10000000
Columns:T / 10^9 K,emissivity (ergs/cm^3/s),error
file updated at results/eu-to-uua/emissivity-vs-T-beta_F_mu=8.368e-01-n=10-m3=0-neval=10000000.csv

--------
Starting eu->uua
--------
T = 861.733
Parameters
----------
ma = 0.511
mb = 106.0
m1 = 106.0
m2 = 106.0
pFa = 193.5970754338753
pFb = 162.00027388109442
pF1 = 162.00027388109442
pF2 = 162.00027388109442
mu_a = 193.59774982563616
mu_b = 193.59774982563616
mu_1 = 193.59774982563616
mu_2 = 193.59774982563616
beta_F_mu = 0.836788
n = 10
m3 = 0
neval = 10000000
itn   integral        wgt average     chi2/dof        Q
-------------------------------------------------------
  1   2.35(84)e+42    2.35(84)e+42        0.00     1.00
  2   1.14(25)e+42    1.24(24)e+42        1.90     0.17
  3   1.15(22)e+42    1.19(16)e+42        0.99     0.37
  4   1.21(15)e+42    1.20(11)e+42        0.66     0.57
  5   1.00(13)e+42    1.123(83)e+42       0.83     0.50
  6   1.76(50)e+42    1.140(82)e+42       0.98     0.43
  7   1.45(50)e+42    1.148(81)e+42       0.88     0.51
  8   7.4(5.6)e+42    1.150(81)e+42       0.93     0.48
  9   2.05(95)e+42    1.156(81)e+42       0.93     0.49
 10   5.4(3.8)e+42    1.158(81)e+42       0.96     0.47

result = 1.158(81)e+42    Q = 0.47
Time elapsed: 415.00
ma = 0.511
mb = 106.0
m1 = 106.0
m2 = 106.0
pFa = 193.5970754338753
pFb = 162.00027388109442
pF1 = 162.00027388109442
pF2 = 162.00027388109442
mu_a = 193.59774982563616
mu_b = 193.59774982563616
mu_1 = 193.59774982563616
mu_2 = 193.59774982563616
beta_F_mu = 0.836788
n = 10
m3 = 0
neval = 10000000
Columns:T / 10^9 K,emissivity (ergs/cm^3/s),error
file updated at results/eu-to-uua/emissivity-vs-T-beta_F_mu=8.368e-01-n=10-m3=0-neval=10000000.csv

--------
Starting uu->eua
--------
T = 0.0008617329999999999
Parameters
----------
ma = 106.0
mb = 106.0
m1 = 0.511
m2 = 106.0
pFa = 162.00027388109442
pFb = 162.00027388109442
pF1 = 193.5970754338753
pF2 = 162.00027388109442
mu_a = 193.59774982563616
mu_b = 193.59774982563616
mu_1 = 193.59774982563616
mu_2 = 193.59774982563616
beta_F_mu = 0.836788
n = 10
m3 = 0
neval = 10000000
itn   integral        wgt average     chi2/dof        Q
-------------------------------------------------------
  1   7.5(2.8)e-08    7.5(2.8)e-08        0.00     1.00
  2   1.70(70)e-07    8.9(2.6)e-08        1.57     0.21
  3   5.5(1.8)e-08    6.6(1.5)e-08        1.33     0.27
  4   8.7(5.3)e-08    6.8(1.5)e-08        0.93     0.42
  5   9.0(3.2)e-08    7.2(1.3)e-08        0.80     0.52
  6   1.84(79)e-07    7.5(1.3)e-08        1.04     0.39
  7   7.4(2.2)e-08    7.4(1.1)e-08        0.86     0.52
  8   3.0(1.7)e-07    7.5(1.1)e-08        0.98     0.44
  9   6.5(2.4)e-08    7.4(1.0)e-08        0.88     0.53
 10   1.73(94)e-07    7.5(1.0)e-08        0.90     0.52

result = 7.5(1.0)e-08    Q = 0.52
Time elapsed: 393.33
ma = 106.0
mb = 106.0
m1 = 0.511
m2 = 106.0
pFa = 162.00027388109442
pFb = 162.00027388109442
pF1 = 193.5970754338753
pF2 = 162.00027388109442
mu_a = 193.59774982563616
mu_b = 193.59774982563616
mu_1 = 193.59774982563616
mu_2 = 193.59774982563616
beta_F_mu = 0.836788
n = 10
m3 = 0
neval = 10000000
Columns:T / 10^9 K,emissivity (ergs/cm^3/s),error
file updated at results/uu-to-eua/emissivity-vs-T-beta_F_mu=8.368e-01-n=10-m3=0-neval=10000000.csv

--------
Starting uu->eua
--------
T = 0.00861733
Parameters
----------
ma = 106.0
mb = 106.0
m1 = 0.511
m2 = 106.0
pFa = 162.00027388109442
pFb = 162.00027388109442
pF1 = 193.5970754338753
pF2 = 162.00027388109442
mu_a = 193.59774982563616
mu_b = 193.59774982563616
mu_1 = 193.59774982563616
mu_2 = 193.59774982563616
beta_F_mu = 0.836788
n = 10
m3 = 0
neval = 10000000
itn   integral        wgt average     chi2/dof        Q
-------------------------------------------------------
  1   12.2(2.5)       12.2(2.5)           0.00     1.00
  2   15.0(3.2)       13.3(2.0)           0.48     0.49
  3   15.4(4.8)       13.6(1.8)           0.33     0.72
  4   13.9(2.9)       13.7(1.5)           0.22     0.88
  5   20.5(4.7)       14.3(1.5)           0.64     0.63
  6   15.3(2.3)       14.6(1.2)           0.54     0.75
  7   13.6(2.2)       14.4(1.1)           0.47     0.83
  8   17.3(5.2)       14.5(1.1)           0.45     0.87
  9   14.2(2.2)       14.43(94)           0.40     0.92
 10   15.3(4.5)       14.47(92)           0.36     0.96

result = 14.47(92)    Q = 0.96
Time elapsed: 411.51
ma = 106.0
mb = 106.0
m1 = 0.511
m2 = 106.0
pFa = 162.00027388109442
pFb = 162.00027388109442
pF1 = 193.5970754338753
pF2 = 162.00027388109442
mu_a = 193.59774982563616
mu_b = 193.59774982563616
mu_1 = 193.59774982563616
mu_2 = 193.59774982563616
beta_F_mu = 0.836788
n = 10
m3 = 0
neval = 10000000
Columns:T / 10^9 K,emissivity (ergs/cm^3/s),error
file updated at results/uu-to-eua/emissivity-vs-T-beta_F_mu=8.368e-01-n=10-m3=0-neval=10000000.csv

--------
Starting uu->eua
--------
T = 0.0861733
Parameters
----------
ma = 106.0
mb = 106.0
m1 = 0.511
m2 = 106.0
pFa = 162.00027388109442
pFb = 162.00027388109442
pF1 = 193.5970754338753
pF2 = 162.00027388109442
mu_a = 193.59774982563616
mu_b = 193.59774982563616
mu_1 = 193.59774982563616
mu_2 = 193.59774982563616
beta_F_mu = 0.836788
n = 10
m3 = 0
neval = 10000000
itn   integral        wgt average     chi2/dof        Q
-------------------------------------------------------
  1   1.278(95)e+09   1.278(95)e+09       0.00     1.00
  2   1.374(76)e+09   1.336(59)e+09       0.62     0.43
  3   1.450(85)e+09   1.374(49)e+09       0.92     0.40
  4   1.335(78)e+09   1.363(41)e+09       0.67     0.57
  5   1.271(76)e+09   1.342(36)e+09       0.78     0.54
  6   1.305(80)e+09   1.336(33)e+09       0.66     0.65
  7   1.328(82)e+09   1.334(31)e+09       0.55     0.77
  8   1.430(82)e+09   1.346(29)e+09       0.64     0.72
  9   1.190(63)e+09   1.319(26)e+09       1.19     0.30
 10   1.344(66)e+09   1.323(24)e+09       1.07     0.38

result = 1.323(24)e+09    Q = 0.38
Time elapsed: 406.81
ma = 106.0
mb = 106.0
m1 = 0.511
m2 = 106.0
pFa = 162.00027388109442
pFb = 162.00027388109442
pF1 = 193.5970754338753
pF2 = 162.00027388109442
mu_a = 193.59774982563616
mu_b = 193.59774982563616
mu_1 = 193.59774982563616
mu_2 = 193.59774982563616
beta_F_mu = 0.836788
n = 10
m3 = 0
neval = 10000000
Columns:T / 10^9 K,emissivity (ergs/cm^3/s),error
file updated at results/uu-to-eua/emissivity-vs-T-beta_F_mu=8.368e-01-n=10-m3=0-neval=10000000.csv

--------
Starting uu->eua
--------
T = 0.861733
Parameters
----------
ma = 106.0
mb = 106.0
m1 = 0.511
m2 = 106.0
pFa = 162.00027388109442
pFb = 162.00027388109442
pF1 = 193.5970754338753
pF2 = 162.00027388109442
mu_a = 193.59774982563616
mu_b = 193.59774982563616
mu_1 = 193.59774982563616
mu_2 = 193.59774982563616
beta_F_mu = 0.836788
n = 10
m3 = 0
neval = 10000000
itn   integral        wgt average     chi2/dof        Q
-------------------------------------------------------
  1   2.92(24)e+17    2.92(24)e+17        0.00     1.00
  2   2.657(59)e+17   2.672(58)e+17       1.11     0.29
  3   2.657(54)e+17   2.664(39)e+17       0.57     0.56
  4   2.73(14)e+17    2.668(38)e+17       0.45     0.72
  5   1.0(1.0)e+19    2.668(38)e+17       0.59     0.67
  6   2.64(10)e+17    2.664(35)e+17       0.49     0.79
  7   2.580(40)e+17   2.627(26)e+17       0.82     0.55
  8   2.77(15)e+17    2.631(26)e+17       0.83     0.56
  9   2.587(40)e+17   2.618(22)e+17       0.83     0.57
 10   2.604(44)e+17   2.616(20)e+17       0.75     0.66

result = 2.616(20)e+17    Q = 0.66
Time elapsed: 398.75
ma = 106.0
mb = 106.0
m1 = 0.511
m2 = 106.0
pFa = 162.00027388109442
pFb = 162.00027388109442
pF1 = 193.5970754338753
pF2 = 162.00027388109442
mu_a = 193.59774982563616
mu_b = 193.59774982563616
mu_1 = 193.59774982563616
mu_2 = 193.59774982563616
beta_F_mu = 0.836788
n = 10
m3 = 0
neval = 10000000
Columns:T / 10^9 K,emissivity (ergs/cm^3/s),error
file updated at results/uu-to-eua/emissivity-vs-T-beta_F_mu=8.368e-01-n=10-m3=0-neval=10000000.csv

--------
Starting uu->eua
--------
T = 8.617329999999999
Parameters
----------
ma = 106.0
mb = 106.0
m1 = 0.511
m2 = 106.0
pFa = 162.00027388109442
pFb = 162.00027388109442
pF1 = 193.5970754338753
pF2 = 162.00027388109442
mu_a = 193.59774982563616
mu_b = 193.59774982563616
mu_1 = 193.59774982563616
mu_2 = 193.59774982563616
beta_F_mu = 0.836788
n = 10
m3 = 0
neval = 10000000
itn   integral        wgt average     chi2/dof        Q
-------------------------------------------------------
  1   1.30(33)e+27    1.30(33)e+27        0.00     1.00
  2   1.48(81)e+27    1.32(31)e+27        0.04     0.83
  3   7.30(91)e+26    7.78(88)e+26        1.74     0.17
  4   1.70(55)e+27    8.01(86)e+26        2.08     0.10
  5   6.5(3.1)e+27    8.06(86)e+26        2.40     0.05
  6   4.1(2.3)e+27    8.10(86)e+26        2.31     0.04
  7   8.1(1.7)e+26    8.11(77)e+26        1.92     0.07
  8   1.30(46)e+27    8.24(76)e+26        1.80     0.08
  9   3.1(1.5)e+27    8.30(76)e+26        1.88     0.06
 10   1.75(47)e+27    8.53(75)e+26        2.09     0.03

result = 8.53(75)e+26    Q = 0.03
Time elapsed: 385.01
ma = 106.0
mb = 106.0
m1 = 0.511
m2 = 106.0
pFa = 162.00027388109442
pFb = 162.00027388109442
pF1 = 193.5970754338753
pF2 = 162.00027388109442
mu_a = 193.59774982563616
mu_b = 193.59774982563616
mu_1 = 193.59774982563616
mu_2 = 193.59774982563616
beta_F_mu = 0.836788
n = 10
m3 = 0
neval = 10000000
Columns:T / 10^9 K,emissivity (ergs/cm^3/s),error
file updated at results/uu-to-eua/emissivity-vs-T-beta_F_mu=8.368e-01-n=10-m3=0-neval=10000000.csv

--------
Starting uu->eua
--------
T = 86.1733
Parameters
----------
ma = 106.0
mb = 106.0
m1 = 0.511
m2 = 106.0
pFa = 162.00027388109442
pFb = 162.00027388109442
pF1 = 193.5970754338753
pF2 = 162.00027388109442
mu_a = 193.59774982563616
mu_b = 193.59774982563616
mu_1 = 193.59774982563616
mu_2 = 193.59774982563616
beta_F_mu = 0.836788
n = 10
m3 = 0
neval = 10000000
itn   integral        wgt average     chi2/dof        Q
-------------------------------------------------------
  1   1.15(12)e+33    1.15(12)e+33        0.00     1.00
  2   2.33(53)e+33    1.21(12)e+33        4.75     0.03
  3   6.7(3.4)e+33    1.21(12)e+33        3.68     0.03
  4   9.4(1.0)e+32    1.062(76)e+33       3.49     0.02
  5   3.8(3.4)e+34    1.062(76)e+33       2.92     0.02
  6   6.6(5.0)e+33    1.063(76)e+33       2.57     0.02
  7   2.7(1.5)e+33    1.067(76)e+33       2.34     0.03
  8   3.0(1.3)e+33    1.074(76)e+33       2.30     0.02
  9   1.26(15)e+33    1.110(68)e+33       2.15     0.03
 10   6.9(4.1)e+33    1.111(68)e+33       2.14     0.02

result = 1.111(68)e+33    Q = 0.02
Time elapsed: 410.27
ma = 106.0
mb = 106.0
m1 = 0.511
m2 = 106.0
pFa = 162.00027388109442
pFb = 162.00027388109442
pF1 = 193.5970754338753
pF2 = 162.00027388109442
mu_a = 193.59774982563616
mu_b = 193.59774982563616
mu_1 = 193.59774982563616
mu_2 = 193.59774982563616
beta_F_mu = 0.836788
n = 10
m3 = 0
neval = 10000000
Columns:T / 10^9 K,emissivity (ergs/cm^3/s),error
file updated at results/uu-to-eua/emissivity-vs-T-beta_F_mu=8.368e-01-n=10-m3=0-neval=10000000.csv

--------
Starting uu->eua
--------
T = 861.733
Parameters
----------
ma = 106.0
mb = 106.0
m1 = 0.511
m2 = 106.0
pFa = 162.00027388109442
pFb = 162.00027388109442
pF1 = 193.5970754338753
pF2 = 162.00027388109442
mu_a = 193.59774982563616
mu_b = 193.59774982563616
mu_1 = 193.59774982563616
mu_2 = 193.59774982563616
beta_F_mu = 0.836788
n = 10
m3 = 0
neval = 10000000
itn   integral        wgt average     chi2/dof        Q
-------------------------------------------------------
  1   1.68(41)e+42    1.68(41)e+42        0.00     1.00
  2   2.23(58)e+42    1.86(34)e+42        0.60     0.44
  3   2.3(1.1)e+42    1.90(32)e+42        0.38     0.69
  4   1.14(18)e+42    1.33(16)e+42        1.64     0.18
  5   4.7(3.2)e+42    1.34(16)e+42        1.50     0.20
  6   3.1(1.3)e+42    1.36(16)e+42        1.55     0.17
  7   1.01(12)e+42    1.135(95)e+42       1.84     0.09
  8   1.65(46)e+42    1.156(93)e+42       1.75     0.09
  9   2.43(94)e+42    1.168(93)e+42       1.75     0.08
 10   2.03(85)e+42    1.178(92)e+42       1.67     0.09

result = 1.178(92)e+42    Q = 0.09
Time elapsed: 359.72
ma = 106.0
mb = 106.0
m1 = 0.511
m2 = 106.0
pFa = 162.00027388109442
pFb = 162.00027388109442
pF1 = 193.5970754338753
pF2 = 162.00027388109442
mu_a = 193.59774982563616
mu_b = 193.59774982563616
mu_1 = 193.59774982563616
mu_2 = 193.59774982563616
beta_F_mu = 0.836788
n = 10
m3 = 0
neval = 10000000
Columns:T / 10^9 K,emissivity (ergs/cm^3/s),error
file updated at results/uu-to-eua/emissivity-vs-T-beta_F_mu=8.368e-01-n=10-m3=0-neval=10000000.csv
