
--------
Starting ep->upa
--------
T = 0.0008617329999999999
Parameters
----------
ma = 0.511
mb = 750.617670528
m1 = 106.0
m2 = 750.617670528
pFa = 193.5970754338753
pFb = 225.7671563397886
pF1 = 162.00027388109442
pF2 = 225.76715633978853
mu_a = 193.59774982563616
mu_b = 783.835248116998
mu_1 = 193.59774982563616
mu_2 = 783.835248116998
beta_F_mu = 0.836788
n = 10
m3 = 0
neval = 10000000
itn   integral        wgt average     chi2/dof        Q
-------------------------------------------------------
  1   2.25(81)e-06    2.25(81)e-06        0.00     1.00
  2   9.9(2.9)e-07    1.13(27)e-06        2.13     0.14
  3   3.8(1.4)e-06    1.22(26)e-06        2.77     0.06
  4   9.8(3.1)e-07    1.12(20)e-06        1.96     0.12
  5   1.01(35)e-06    1.09(17)e-06        1.49     0.20
  6   1.97(59)e-06    1.16(17)e-06        1.60     0.16
  7   1.64(55)e-06    1.20(16)e-06        1.45     0.19
  8   1.01(33)e-06    1.17(14)e-06        1.28     0.25
  9   1.32(46)e-06    1.18(14)e-06        1.14     0.34
 10   8.9(2.9)e-07    1.13(12)e-06        1.10     0.36

result = 1.13(12)e-06    Q = 0.36
Time elapsed: 851.38
ma = 0.511
mb = 750.617670528
m1 = 106.0
m2 = 750.617670528
pFa = 193.5970754338753
pFb = 225.7671563397886
pF1 = 162.00027388109442
pF2 = 225.76715633978853
mu_a = 193.59774982563616
mu_b = 783.835248116998
mu_1 = 193.59774982563616
mu_2 = 783.835248116998
beta_F_mu = 0.836788
n = 10
m3 = 0
neval = 10000000
Columns:T / 10^9 K,emissivity (ergs/cm^3/s),error
file updated at results/ep-to-upa/emissivity-vs-T-beta_F_mu=8.368e-01-n=10-m3=0-neval=10000000.csv

--------
Starting ep->upa
--------
T = 0.00861733
Parameters
----------
ma = 0.511
mb = 750.617670528
m1 = 106.0
m2 = 750.617670528
pFa = 193.5970754338753
pFb = 225.7671563397886
pF1 = 162.00027388109442
pF2 = 225.76715633978853
mu_a = 193.59774982563616
mu_b = 783.835248116998
mu_1 = 193.59774982563616
mu_2 = 783.835248116998
beta_F_mu = 0.836788
n = 10
m3 = 0
neval = 10000000
itn   integral        wgt average     chi2/dof        Q
-------------------------------------------------------
  1   190(32)         190(32)             0.00     1.00
  2   277(54)         214(28)             1.93     0.16
  3   164(19)         180(16)             2.05     0.13
  4   167(27)         177(14)             1.43     0.23
  5   170(29)         176(12)             1.08     0.37
  6   208(31)         180(11)             1.06     0.38
  7   180(27)         180(11)             0.88     0.51
  8   242(41)         184(10)             1.06     0.39
  9   246(38)         188.3(9.8)          1.25     0.27
 10   156(25)         184.0(9.2)          1.27     0.25

result = 184.0(9.2)    Q = 0.25
Time elapsed: 777.09
ma = 0.511
mb = 750.617670528
m1 = 106.0
m2 = 750.617670528
pFa = 193.5970754338753
pFb = 225.7671563397886
pF1 = 162.00027388109442
pF2 = 225.76715633978853
mu_a = 193.59774982563616
mu_b = 783.835248116998
mu_1 = 193.59774982563616
mu_2 = 783.835248116998
beta_F_mu = 0.836788
n = 10
m3 = 0
neval = 10000000
Columns:T / 10^9 K,emissivity (ergs/cm^3/s),error
file updated at results/ep-to-upa/emissivity-vs-T-beta_F_mu=8.368e-01-n=10-m3=0-neval=10000000.csv

--------
Starting ep->upa
--------
T = 0.0861733
Parameters
----------
ma = 0.511
mb = 750.617670528
m1 = 106.0
m2 = 750.617670528
pFa = 193.5970754338753
pFb = 225.7671563397886
pF1 = 162.00027388109442
pF2 = 225.76715633978853
mu_a = 193.59774982563616
mu_b = 783.835248116998
mu_1 = 193.59774982563616
mu_2 = 783.835248116998
beta_F_mu = 0.836788
n = 10
m3 = 0
neval = 10000000
itn   integral        wgt average     chi2/dof        Q
-------------------------------------------------------
  1   1.826(69)e+10   1.826(69)e+10       0.00     1.00
  2   1.790(58)e+10   1.805(45)e+10       0.16     0.69
  3   1.995(82)e+10   1.848(39)e+10       2.13     0.12
  4   1.795(60)e+10   1.832(33)e+10       1.61     0.19
  5   1.854(69)e+10   1.836(30)e+10       1.23     0.30
  6   1.908(76)e+10   1.846(28)e+10       1.14     0.34
  7   1.875(71)e+10   1.850(26)e+10       0.97     0.44
  8   1.849(68)e+10   1.849(24)e+10       0.83     0.56
  9   1.902(66)e+10   1.856(23)e+10       0.80     0.60
 10   1.777(54)e+10   1.844(21)e+10       0.91     0.51

result = 1.844(21)e+10    Q = 0.51
Time elapsed: 770.95
ma = 0.511
mb = 750.617670528
m1 = 106.0
m2 = 750.617670528
pFa = 193.5970754338753
pFb = 225.7671563397886
pF1 = 162.00027388109442
pF2 = 225.76715633978853
mu_a = 193.59774982563616
mu_b = 783.835248116998
mu_1 = 193.59774982563616
mu_2 = 783.835248116998
beta_F_mu = 0.836788
n = 10
m3 = 0
neval = 10000000
Columns:T / 10^9 K,emissivity (ergs/cm^3/s),error
file updated at results/ep-to-upa/emissivity-vs-T-beta_F_mu=8.368e-01-n=10-m3=0-neval=10000000.csv

--------
Starting ep->upa
--------
T = 0.861733
Parameters
----------
ma = 0.511
mb = 750.617670528
m1 = 106.0
m2 = 750.617670528
pFa = 193.5970754338753
pFb = 225.7671563397886
pF1 = 162.00027388109442
pF2 = 225.76715633978853
mu_a = 193.59774982563616
mu_b = 783.835248116998
mu_1 = 193.59774982563616
mu_2 = 783.835248116998
beta_F_mu = 0.836788
n = 10
m3 = 0
neval = 10000000
itn   integral        wgt average     chi2/dof        Q
-------------------------------------------------------
  1   1.7183(84)e+18  1.7183(84)e+18      0.00     1.00
  2   1.7176(80)e+18  1.7179(58)e+18      0.00     0.95
  3   1.7165(73)e+18  1.7174(45)e+18      0.01     0.99
  4   1.7111(79)e+18  1.7158(39)e+18      0.17     0.92
  5   1.7193(80)e+18  1.7165(35)e+18      0.16     0.96
  6   1.7242(74)e+18  1.7180(32)e+18      0.31     0.91
  7   1.7296(88)e+18  1.7193(30)e+18      0.52     0.80
  8   1.7133(79)e+18  1.7186(28)e+18      0.52     0.82
  9   1.7223(72)e+18  1.7191(26)e+18      0.48     0.87
 10   1.7094(69)e+18  1.7178(24)e+18      0.62     0.78

result = 1.7178(24)e+18    Q = 0.78
Time elapsed: 763.80
ma = 0.511
mb = 750.617670528
m1 = 106.0
m2 = 750.617670528
pFa = 193.5970754338753
pFb = 225.7671563397886
pF1 = 162.00027388109442
pF2 = 225.76715633978853
mu_a = 193.59774982563616
mu_b = 783.835248116998
mu_1 = 193.59774982563616
mu_2 = 783.835248116998
beta_F_mu = 0.836788
n = 10
m3 = 0
neval = 10000000
Columns:T / 10^9 K,emissivity (ergs/cm^3/s),error
file updated at results/ep-to-upa/emissivity-vs-T-beta_F_mu=8.368e-01-n=10-m3=0-neval=10000000.csv

--------
Starting ep->upa
--------
T = 8.617329999999999
Parameters
----------
ma = 0.511
mb = 750.617670528
m1 = 106.0
m2 = 750.617670528
pFa = 193.5970754338753
pFb = 225.7671563397886
pF1 = 162.00027388109442
pF2 = 225.76715633978853
mu_a = 193.59774982563616
mu_b = 783.835248116998
mu_1 = 193.59774982563616
mu_2 = 783.835248116998
beta_F_mu = 0.836788
n = 10
m3 = 0
neval = 10000000
itn   integral        wgt average     chi2/dof        Q
-------------------------------------------------------
  1   1.9115(21)e+25  1.9115(21)e+25      0.00     1.00
  2   1.9193(22)e+25  1.9153(15)e+25      6.65     0.01
  3   1.9173(27)e+25  1.9157(13)e+25      3.54     0.03
  4   1.9102(18)e+25  1.9138(11)e+25      4.44     0.00
  5   1.9133(19)e+25  1.91368(92)e+25     3.35     0.01
  6   1.9098(18)e+25  1.91289(82)e+25     3.39     0.00
  7   1.9098(17)e+25  1.91232(74)e+25     3.25     0.00
  8   1.9150(18)e+25  1.91272(69)e+25     3.07     0.00
  9   1.9138(18)e+25  1.91285(64)e+25     2.72     0.01
 10   1.9124(18)e+25  1.91280(60)e+25     2.42     0.01

result = 1.91280(60)e+25    Q = 0.01
Time elapsed: 761.01
ma = 0.511
mb = 750.617670528
m1 = 106.0
m2 = 750.617670528
pFa = 193.5970754338753
pFb = 225.7671563397886
pF1 = 162.00027388109442
pF2 = 225.76715633978853
mu_a = 193.59774982563616
mu_b = 783.835248116998
mu_1 = 193.59774982563616
mu_2 = 783.835248116998
beta_F_mu = 0.836788
n = 10
m3 = 0
neval = 10000000
Columns:T / 10^9 K,emissivity (ergs/cm^3/s),error
file updated at results/ep-to-upa/emissivity-vs-T-beta_F_mu=8.368e-01-n=10-m3=0-neval=10000000.csv

--------
Starting ep->upa
--------
T = 86.1733
Parameters
----------
ma = 0.511
mb = 750.617670528
m1 = 106.0
m2 = 750.617670528
pFa = 193.5970754338753
pFb = 225.7671563397886
pF1 = 162.00027388109442
pF2 = 225.76715633978853
mu_a = 193.59774982563616
mu_b = 783.835248116998
mu_1 = 193.59774982563616
mu_2 = 783.835248116998
beta_F_mu = 0.836788
n = 10
m3 = 0
neval = 10000000
itn   integral        wgt average     chi2/dof        Q
-------------------------------------------------------
  1   8.561(31)e+31   8.561(31)e+31       0.00     1.00
  2   8.635(68)e+31   8.574(29)e+31       0.97     0.32
  3   8.575(26)e+31   8.574(19)e+31       0.49     0.62
  4   8.563(23)e+31   8.569(15)e+31       0.37     0.77
  5   8.565(35)e+31   8.569(14)e+31       0.28     0.89
  6   8.564(21)e+31   8.567(11)e+31       0.23     0.95
  7   8.587(22)e+31   8.571(10)e+31       0.29     0.94
  8   8.571(18)e+31   8.5713(89)e+31      0.25     0.97
  9   8.601(41)e+31   8.5726(87)e+31      0.28     0.97
 10   8.550(20)e+31   8.5692(80)e+31      0.36     0.95

result = 8.5692(80)e+31    Q = 0.95
Time elapsed: 777.84
ma = 0.511
mb = 750.617670528
m1 = 106.0
m2 = 750.617670528
pFa = 193.5970754338753
pFb = 225.7671563397886
pF1 = 162.00027388109442
pF2 = 225.76715633978853
mu_a = 193.59774982563616
mu_b = 783.835248116998
mu_1 = 193.59774982563616
mu_2 = 783.835248116998
beta_F_mu = 0.836788
n = 10
m3 = 0
neval = 10000000
Columns:T / 10^9 K,emissivity (ergs/cm^3/s),error
file updated at results/ep-to-upa/emissivity-vs-T-beta_F_mu=8.368e-01-n=10-m3=0-neval=10000000.csv

--------
Starting ep->upa
--------
T = 861.733
Parameters
----------
ma = 0.511
mb = 750.617670528
m1 = 106.0
m2 = 750.617670528
pFa = 193.5970754338753
pFb = 225.7671563397886
pF1 = 162.00027388109442
pF2 = 225.76715633978853
mu_a = 193.59774982563616
mu_b = 783.835248116998
mu_1 = 193.59774982563616
mu_2 = 783.835248116998
beta_F_mu = 0.836788
n = 10
m3 = 0
neval = 10000000
itn   integral        wgt average     chi2/dof        Q
-------------------------------------------------------
  1   1.11(19)e+41    1.11(19)e+41        0.00     1.00
  2   1.2(1.0)e+42    1.11(19)e+41        1.05     0.31
  3   1.23(14)e+41    1.19(11)e+41        0.66     0.52
  4   1.87(59)e+41    1.21(11)e+41        0.87     0.46
  5   9.41(63)e+40    1.007(55)e+41       1.77     0.13
  6   9.63(76)e+40    9.92(45)e+40        1.46     0.20
  7   1.026(67)e+41   1.003(37)e+41       1.25     0.28
  8   1.26(22)e+41    1.010(37)e+41       1.26     0.26
  9   1.39(33)e+41    1.015(36)e+41       1.27     0.25
 10   8.91(43)e+40    9.62(28)e+40        1.67     0.09

result = 9.62(28)e+40    Q = 0.09
Time elapsed: 774.09
ma = 0.511
mb = 750.617670528
m1 = 106.0
m2 = 750.617670528
pFa = 193.5970754338753
pFb = 225.7671563397886
pF1 = 162.00027388109442
pF2 = 225.76715633978853
mu_a = 193.59774982563616
mu_b = 783.835248116998
mu_1 = 193.59774982563616
mu_2 = 783.835248116998
beta_F_mu = 0.836788
n = 10
m3 = 0
neval = 10000000
Columns:T / 10^9 K,emissivity (ergs/cm^3/s),error
file updated at results/ep-to-upa/emissivity-vs-T-beta_F_mu=8.368e-01-n=10-m3=0-neval=10000000.csv

--------
Starting up->epa
--------
T = 0.0008617329999999999
Parameters
----------
ma = 106.0
mb = 750.617670528
m1 = 0.511
m2 = 750.617670528
pFa = 162.00027388109442
pFb = 225.7671563397886
pF1 = 193.5970754338753
pF2 = 225.76715633978853
mu_a = 193.59774982563616
mu_b = 783.835248116998
mu_1 = 193.59774982563616
mu_2 = 783.835248116998
beta_F_mu = 0.836788
n = 10
m3 = 0
neval = 10000000
itn   integral        wgt average     chi2/dof        Q
-------------------------------------------------------
  1   4.0(1.1)e-06    4.0(1.1)e-06        0.00     1.00
  2   1.67(58)e-06    2.14(52)e-06        3.24     0.07
  3   1.44(62)e-06    1.86(40)e-06        2.00     0.14
  4   2.12(87)e-06    1.90(36)e-06        1.36     0.25
  5   1.15(25)e-06    1.39(20)e-06        1.76     0.13
  6   1.45(33)e-06    1.41(17)e-06        1.41     0.22
  7   1.60(57)e-06    1.42(17)e-06        1.20     0.31
  8   2.2(1.1)e-06    1.44(16)e-06        1.11     0.35
  9   1.21(40)e-06    1.41(15)e-06        1.01     0.43
 10   1.30(55)e-06    1.40(15)e-06        0.90     0.53

result = 1.40(15)e-06    Q = 0.53
Time elapsed: 758.64
ma = 106.0
mb = 750.617670528
m1 = 0.511
m2 = 750.617670528
pFa = 162.00027388109442
pFb = 225.7671563397886
pF1 = 193.5970754338753
pF2 = 225.76715633978853
mu_a = 193.59774982563616
mu_b = 783.835248116998
mu_1 = 193.59774982563616
mu_2 = 783.835248116998
beta_F_mu = 0.836788
n = 10
m3 = 0
neval = 10000000
Columns:T / 10^9 K,emissivity (ergs/cm^3/s),error
file updated at results/up-to-epa/emissivity-vs-T-beta_F_mu=8.368e-01-n=10-m3=0-neval=10000000.csv

--------
Starting up->epa
--------
T = 0.00861733
Parameters
----------
ma = 106.0
mb = 750.617670528
m1 = 0.511
m2 = 750.617670528
pFa = 162.00027388109442
pFb = 225.7671563397886
pF1 = 193.5970754338753
pF2 = 225.76715633978853
mu_a = 193.59774982563616
mu_b = 783.835248116998
mu_1 = 193.59774982563616
mu_2 = 783.835248116998
beta_F_mu = 0.836788
n = 10
m3 = 0
neval = 10000000
itn   integral        wgt average     chi2/dof        Q
-------------------------------------------------------
  1   209(39)         209(39)             0.00     1.00
  2   194(29)         199(23)             0.10     0.75
  3   209(33)         202(19)             0.08     0.93
  4   315(60)         212(18)             1.10     0.35
  5   256(49)         218(17)             0.99     0.41
  6   244(56)         220(16)             0.84     0.52
  7   210(32)         218(14)             0.71     0.64
  8   194(34)         214(13)             0.67     0.70
  9   159(19)         196(11)             1.30     0.24
 10   201(27)         197(10)             1.16     0.32

result = 197(10)    Q = 0.32
Time elapsed: 760.19
ma = 106.0
mb = 750.617670528
m1 = 0.511
m2 = 750.617670528
pFa = 162.00027388109442
pFb = 225.7671563397886
pF1 = 193.5970754338753
pF2 = 225.76715633978853
mu_a = 193.59774982563616
mu_b = 783.835248116998
mu_1 = 193.59774982563616
mu_2 = 783.835248116998
beta_F_mu = 0.836788
n = 10
m3 = 0
neval = 10000000
Columns:T / 10^9 K,emissivity (ergs/cm^3/s),error
file updated at results/up-to-epa/emissivity-vs-T-beta_F_mu=8.368e-01-n=10-m3=0-neval=10000000.csv

--------
Starting up->epa
--------
T = 0.0861733
Parameters
----------
ma = 106.0
mb = 750.617670528
m1 = 0.511
m2 = 750.617670528
pFa = 162.00027388109442
pFb = 225.7671563397886
pF1 = 193.5970754338753
pF2 = 225.76715633978853
mu_a = 193.59774982563616
mu_b = 783.835248116998
mu_1 = 193.59774982563616
mu_2 = 783.835248116998
beta_F_mu = 0.836788
n = 10
m3 = 0
neval = 10000000
itn   integral        wgt average     chi2/dof        Q
-------------------------------------------------------
  1   2.019(77)e+10   2.019(77)e+10       0.00     1.00
  2   2.050(88)e+10   2.033(58)e+10       0.07     0.79
  3   2.000(76)e+10   2.021(46)e+10       0.09     0.91
  4   1.995(76)e+10   2.014(39)e+10       0.09     0.97
  5   1.979(82)e+10   2.007(35)e+10       0.10     0.98
  6   1.958(76)e+10   1.998(32)e+10       0.15     0.98
  7   1.987(63)e+10   1.996(29)e+10       0.13     0.99
  8   1.953(70)e+10   1.990(26)e+10       0.16     0.99
  9   1.889(64)e+10   1.975(24)e+10       0.41     0.92
 10   2.040(75)e+10   1.981(23)e+10       0.44     0.92

result = 1.981(23)e+10    Q = 0.92
Time elapsed: 754.16
ma = 106.0
mb = 750.617670528
m1 = 0.511
m2 = 750.617670528
pFa = 162.00027388109442
pFb = 225.7671563397886
pF1 = 193.5970754338753
pF2 = 225.76715633978853
mu_a = 193.59774982563616
mu_b = 783.835248116998
mu_1 = 193.59774982563616
mu_2 = 783.835248116998
beta_F_mu = 0.836788
n = 10
m3 = 0
neval = 10000000
Columns:T / 10^9 K,emissivity (ergs/cm^3/s),error
file updated at results/up-to-epa/emissivity-vs-T-beta_F_mu=8.368e-01-n=10-m3=0-neval=10000000.csv

--------
Starting up->epa
--------
T = 0.861733
Parameters
----------
ma = 106.0
mb = 750.617670528
m1 = 0.511
m2 = 750.617670528
pFa = 162.00027388109442
pFb = 225.7671563397886
pF1 = 193.5970754338753
pF2 = 225.76715633978853
mu_a = 193.59774982563616
mu_b = 783.835248116998
mu_1 = 193.59774982563616
mu_2 = 783.835248116998
beta_F_mu = 0.836788
n = 10
m3 = 0
neval = 10000000
itn   integral        wgt average     chi2/dof        Q
-------------------------------------------------------
  1   3.349(25)e+18   3.349(25)e+18       0.00     1.00
  2   3.375(33)e+18   3.359(20)e+18       0.38     0.54
  3   3.341(21)e+18   3.350(14)e+18       0.38     0.68
  4   3.356(22)e+18   3.352(12)e+18       0.27     0.85
  5   3.360(19)e+18   3.354(10)e+18       0.23     0.92
  6   3.315(16)e+18   3.3435(86)e+18      1.00     0.42
  7   3.409(36)e+18   3.3470(84)e+18      1.34     0.23
  8   3.361(22)e+18   3.3487(78)e+18      1.20     0.30
  9   3.306(16)e+18   3.3404(70)e+18      1.77     0.08
 10   3.348(22)e+18   3.3411(67)e+18      1.59     0.11

result = 3.3411(67)e+18    Q = 0.11
Time elapsed: 753.51
ma = 106.0
mb = 750.617670528
m1 = 0.511
m2 = 750.617670528
pFa = 162.00027388109442
pFb = 225.7671563397886
pF1 = 193.5970754338753
pF2 = 225.76715633978853
mu_a = 193.59774982563616
mu_b = 783.835248116998
mu_1 = 193.59774982563616
mu_2 = 783.835248116998
beta_F_mu = 0.836788
n = 10
m3 = 0
neval = 10000000
Columns:T / 10^9 K,emissivity (ergs/cm^3/s),error
file updated at results/up-to-epa/emissivity-vs-T-beta_F_mu=8.368e-01-n=10-m3=0-neval=10000000.csv

--------
Starting up->epa
--------
T = 8.617329999999999
Parameters
----------
ma = 106.0
mb = 750.617670528
m1 = 0.511
m2 = 750.617670528
pFa = 162.00027388109442
pFb = 225.7671563397886
pF1 = 193.5970754338753
pF2 = 225.76715633978853
mu_a = 193.59774982563616
mu_b = 783.835248116998
mu_1 = 193.59774982563616
mu_2 = 783.835248116998
beta_F_mu = 0.836788
n = 10
m3 = 0
neval = 10000000
itn   integral        wgt average     chi2/dof        Q
-------------------------------------------------------
  1   2.30(89)e+27    2.30(89)e+27        0.00     1.00
  2   2.23(51)e+27    2.24(44)e+27        0.01     0.94
  3   6.8(3.0)e+27    2.34(44)e+27        1.12     0.33
  4   2.97(85)e+27    2.47(39)e+27        0.89     0.44
  5   3.5(1.3)e+27    2.56(37)e+27        0.81     0.52
  6   5.7(3.9)e+27    2.58(37)e+27        0.77     0.57
  7   1.43(22)e+27    1.74(19)e+27        1.82     0.09
  8   2.88(73)e+27    1.82(19)e+27        1.88     0.07
  9   2.18(68)e+27    1.84(18)e+27        1.68     0.10
 10   2.00(43)e+27    1.86(17)e+27        1.50     0.14

result = 1.86(17)e+27    Q = 0.14
Time elapsed: 723.19
ma = 106.0
mb = 750.617670528
m1 = 0.511
m2 = 750.617670528
pFa = 162.00027388109442
pFb = 225.7671563397886
pF1 = 193.5970754338753
pF2 = 225.76715633978853
mu_a = 193.59774982563616
mu_b = 783.835248116998
mu_1 = 193.59774982563616
mu_2 = 783.835248116998
beta_F_mu = 0.836788
n = 10
m3 = 0
neval = 10000000
Columns:T / 10^9 K,emissivity (ergs/cm^3/s),error
file updated at results/up-to-epa/emissivity-vs-T-beta_F_mu=8.368e-01-n=10-m3=0-neval=10000000.csv

--------
Starting up->epa
--------
T = 86.1733
Parameters
----------
ma = 106.0
mb = 750.617670528
m1 = 0.511
m2 = 750.617670528
pFa = 162.00027388109442
pFb = 225.7671563397886
pF1 = 193.5970754338753
pF2 = 225.76715633978853
mu_a = 193.59774982563616
mu_b = 783.835248116998
mu_1 = 193.59774982563616
mu_2 = 783.835248116998
beta_F_mu = 0.836788
n = 10
m3 = 0
neval = 10000000
itn   integral        wgt average     chi2/dof        Q
-------------------------------------------------------
  1   4.4(2.0)e+33    4.4(2.0)e+33        0.00     1.00
  2   1.4(1.1)e+34    4.7(1.9)e+33        0.80     0.37
  3   9.2(5.7)e+33    5.2(1.8)e+33        0.67     0.51
  4   2.52(78)e+33    2.93(72)e+33        1.04     0.37
  5   2.12(45)e+33    2.35(38)e+33        1.00     0.40
  6   2.24(53)e+33    2.31(31)e+33        0.81     0.54
  7   9.4(4.3)e+33    2.35(31)e+33        1.13     0.34
  8   6.3(3.6)e+33    2.38(31)e+33        1.13     0.34
  9   2.6(1.2)e+33    2.39(30)e+33        0.99     0.44
 10   2.85(68)e+33    2.46(27)e+33        0.93     0.50

result = 2.46(27)e+33    Q = 0.50
Time elapsed: 690.95
ma = 106.0
mb = 750.617670528
m1 = 0.511
m2 = 750.617670528
pFa = 162.00027388109442
pFb = 225.7671563397886
pF1 = 193.5970754338753
pF2 = 225.76715633978853
mu_a = 193.59774982563616
mu_b = 783.835248116998
mu_1 = 193.59774982563616
mu_2 = 783.835248116998
beta_F_mu = 0.836788
n = 10
m3 = 0
neval = 10000000
Columns:T / 10^9 K,emissivity (ergs/cm^3/s),error
file updated at results/up-to-epa/emissivity-vs-T-beta_F_mu=8.368e-01-n=10-m3=0-neval=10000000.csv

--------
Starting up->epa
--------
T = 861.733
Parameters
----------
ma = 106.0
mb = 750.617670528
m1 = 0.511
m2 = 750.617670528
pFa = 162.00027388109442
pFb = 225.7671563397886
pF1 = 193.5970754338753
pF2 = 225.76715633978853
mu_a = 193.59774982563616
mu_b = 783.835248116998
mu_1 = 193.59774982563616
mu_2 = 783.835248116998
beta_F_mu = 0.836788
n = 10
m3 = 0
neval = 10000000
itn   integral        wgt average     chi2/dof        Q
-------------------------------------------------------
  1   1.19(13)e+41    1.19(13)e+41        0.00     1.00
  2   1.30(34)e+41    1.21(12)e+41        0.09     0.76
  3   1.54(32)e+41    1.25(11)e+41        0.53     0.59
  4   1.26(19)e+41    1.251(97)e+41       0.35     0.79
  5   1.10(14)e+41    1.201(79)e+41       0.46     0.77
  6   1.15(13)e+41    1.187(67)e+41       0.39     0.86
  7   1.13(12)e+41    1.174(58)e+41       0.35     0.91
  8   1.79(77)e+41    1.178(58)e+41       0.39     0.91
  9   1.35(20)e+41    1.191(56)e+41       0.43     0.91
 10   1.035(63)e+41   1.123(42)e+41       0.76     0.65

result = 1.123(42)e+41    Q = 0.65
Time elapsed: 628.70
ma = 106.0
mb = 750.617670528
m1 = 0.511
m2 = 750.617670528
pFa = 162.00027388109442
pFb = 225.7671563397886
pF1 = 193.5970754338753
pF2 = 225.76715633978853
mu_a = 193.59774982563616
mu_b = 783.835248116998
mu_1 = 193.59774982563616
mu_2 = 783.835248116998
beta_F_mu = 0.836788
n = 10
m3 = 0
neval = 10000000
Columns:T / 10^9 K,emissivity (ergs/cm^3/s),error
file updated at results/up-to-epa/emissivity-vs-T-beta_F_mu=8.368e-01-n=10-m3=0-neval=10000000.csv

--------
Starting ee->uea
--------
T = 0.0008617329999999999
Parameters
----------
ma = 0.511
mb = 0.511
m1 = 106.0
m2 = 0.511
pFa = 193.5970754338753
pFb = 193.5970754338753
pF1 = 162.00027388109442
pF2 = 193.5970754338753
mu_a = 193.59774982563616
mu_b = 193.59774982563616
mu_1 = 193.59774982563616
mu_2 = 193.59774982563616
beta_F_mu = 0.836788
n = 10
m3 = 0
neval = 10000000
itn   integral        wgt average     chi2/dof        Q
-------------------------------------------------------
  1   6.1(3.4)e-07    6.1(3.4)e-07        0.00     1.00
  2   1.86(61)e-07    2.00(60)e-07        1.48     0.22
  3   1.7(1.2)e-07    1.94(54)e-07        0.76     0.47
  4   1.37(53)e-07    1.65(38)e-07        0.70     0.55
  5   9.2(2.5)e-08    1.14(21)e-07        1.18     0.32
  6   2.3(1.1)e-07    1.19(20)e-07        1.17     0.32
  7   2.1(1.2)e-07    1.21(20)e-07        1.06     0.39
  8   5.6(2.6)e-07    1.23(20)e-07        1.30     0.25
  9   2.8(1.7)e-07    1.25(20)e-07        1.24     0.27
 10   7.3(3.9)e-08    1.15(18)e-07        1.26     0.25

result = 1.15(18)e-07    Q = 0.25
Time elapsed: 267.33
ma = 0.511
mb = 0.511
m1 = 106.0
m2 = 0.511
pFa = 193.5970754338753
pFb = 193.5970754338753
pF1 = 162.00027388109442
pF2 = 193.5970754338753
mu_a = 193.59774982563616
mu_b = 193.59774982563616
mu_1 = 193.59774982563616
mu_2 = 193.59774982563616
beta_F_mu = 0.836788
n = 10
m3 = 0
neval = 10000000
Columns:T / 10^9 K,emissivity (ergs/cm^3/s),error
file updated at results/ee-to-uea/emissivity-vs-T-beta_F_mu=8.368e-01-n=10-m3=0-neval=10000000.csv

--------
Starting ee->uea
--------
T = 0.00861733
Parameters
----------
ma = 0.511
mb = 0.511
m1 = 106.0
m2 = 0.511
pFa = 193.5970754338753
pFb = 193.5970754338753
pF1 = 162.00027388109442
pF2 = 193.5970754338753
mu_a = 193.59774982563616
mu_b = 193.59774982563616
mu_1 = 193.59774982563616
mu_2 = 193.59774982563616
beta_F_mu = 0.836788
n = 10
m3 = 0
neval = 10000000
itn   integral        wgt average     chi2/dof        Q
-------------------------------------------------------
  1   15.1(3.0)       15.1(3.0)           0.00     1.00
  2   13.3(2.4)       14.0(1.9)           0.24     0.62
  3   17.3(3.6)       14.7(1.7)           0.46     0.63
  4   15.0(3.7)       14.8(1.5)           0.31     0.82
  5   15.1(2.8)       14.8(1.3)           0.23     0.92
  6   14.9(2.6)       14.8(1.2)           0.19     0.97
  7   12.7(2.6)       14.5(1.1)           0.25     0.96
  8   16.8(3.3)       14.7(1.0)           0.28     0.96
  9   10.8(2.9)       14.26(97)           0.44     0.90
 10   17.7(3.4)       14.51(93)           0.50     0.88

result = 14.51(93)    Q = 0.88
Time elapsed: 233.29
ma = 0.511
mb = 0.511
m1 = 106.0
m2 = 0.511
pFa = 193.5970754338753
pFb = 193.5970754338753
pF1 = 162.00027388109442
pF2 = 193.5970754338753
mu_a = 193.59774982563616
mu_b = 193.59774982563616
mu_1 = 193.59774982563616
mu_2 = 193.59774982563616
beta_F_mu = 0.836788
n = 10
m3 = 0
neval = 10000000
Columns:T / 10^9 K,emissivity (ergs/cm^3/s),error
file updated at results/ee-to-uea/emissivity-vs-T-beta_F_mu=8.368e-01-n=10-m3=0-neval=10000000.csv

--------
Starting ee->uea
--------
T = 0.0861733
Parameters
----------
ma = 0.511
mb = 0.511
m1 = 106.0
m2 = 0.511
pFa = 193.5970754338753
pFb = 193.5970754338753
pF1 = 162.00027388109442
pF2 = 193.5970754338753
mu_a = 193.59774982563616
mu_b = 193.59774982563616
mu_1 = 193.59774982563616
mu_2 = 193.59774982563616
beta_F_mu = 0.836788
n = 10
m3 = 0
neval = 10000000
itn   integral        wgt average     chi2/dof        Q
-------------------------------------------------------
  1   1.440(87)e+09   1.440(87)e+09       0.00     1.00
  2   1.47(10)e+09    1.454(66)e+09       0.06     0.80
  3   1.58(10)e+09    1.493(55)e+09       0.61     0.54
  4   1.452(93)e+09   1.482(47)e+09       0.46     0.71
  5   1.464(94)e+09   1.479(42)e+09       0.35     0.84
  6   1.459(89)e+09   1.475(38)e+09       0.29     0.92
  7   1.434(92)e+09   1.469(35)e+09       0.27     0.95
  8   1.564(88)e+09   1.482(33)e+09       0.37     0.92
  9   1.347(73)e+09   1.460(30)e+09       0.68     0.71
 10   1.374(75)e+09   1.448(28)e+09       0.73     0.68

result = 1.448(28)e+09    Q = 0.68
Time elapsed: 232.11
ma = 0.511
mb = 0.511
m1 = 106.0
m2 = 0.511
pFa = 193.5970754338753
pFb = 193.5970754338753
pF1 = 162.00027388109442
pF2 = 193.5970754338753
mu_a = 193.59774982563616
mu_b = 193.59774982563616
mu_1 = 193.59774982563616
mu_2 = 193.59774982563616
beta_F_mu = 0.836788
n = 10
m3 = 0
neval = 10000000
Columns:T / 10^9 K,emissivity (ergs/cm^3/s),error
file updated at results/ee-to-uea/emissivity-vs-T-beta_F_mu=8.368e-01-n=10-m3=0-neval=10000000.csv

--------
Starting ee->uea
--------
T = 0.861733
Parameters
----------
ma = 0.511
mb = 0.511
m1 = 106.0
m2 = 0.511
pFa = 193.5970754338753
pFb = 193.5970754338753
pF1 = 162.00027388109442
pF2 = 193.5970754338753
mu_a = 193.59774982563616
mu_b = 193.59774982563616
mu_1 = 193.59774982563616
mu_2 = 193.59774982563616
beta_F_mu = 0.836788
n = 10
m3 = 0
neval = 10000000
itn   integral        wgt average     chi2/dof        Q
-------------------------------------------------------
  1   2.55(34)e+17    2.55(34)e+17        0.00     1.00
  2   2.03(99)e+18    2.57(34)e+17        3.22     0.07
  3   1.1(1.1)e+19    2.57(34)e+17        2.13     0.12
  4   1.4(1.0)e+18    2.58(34)e+17        1.80     0.14
  5   9.2(4.9)e+17    2.61(34)e+17        1.80     0.13
  6   2.58(50)e+17    2.60(28)e+17        1.44     0.21
  7   6.5(3.2)e+17    2.64(28)e+17        1.45     0.19
  8   2.3(2.2)e+19    2.64(28)e+17        1.39     0.20
  9   4.5(1.1)e+17    2.75(27)e+17        1.57     0.13
 10   5.3(2.1)e+17    2.80(27)e+17        1.55     0.12

result = 2.80(27)e+17    Q = 0.12
Time elapsed: 208.74
ma = 0.511
mb = 0.511
m1 = 106.0
m2 = 0.511
pFa = 193.5970754338753
pFb = 193.5970754338753
pF1 = 162.00027388109442
pF2 = 193.5970754338753
mu_a = 193.59774982563616
mu_b = 193.59774982563616
mu_1 = 193.59774982563616
mu_2 = 193.59774982563616
beta_F_mu = 0.836788
n = 10
m3 = 0
neval = 10000000
Columns:T / 10^9 K,emissivity (ergs/cm^3/s),error
file updated at results/ee-to-uea/emissivity-vs-T-beta_F_mu=8.368e-01-n=10-m3=0-neval=10000000.csv

--------
Starting ee->uea
--------
T = 8.617329999999999
Parameters
----------
ma = 0.511
mb = 0.511
m1 = 106.0
m2 = 0.511
pFa = 193.5970754338753
pFb = 193.5970754338753
pF1 = 162.00027388109442
pF2 = 193.5970754338753
mu_a = 193.59774982563616
mu_b = 193.59774982563616
mu_1 = 193.59774982563616
mu_2 = 193.59774982563616
beta_F_mu = 0.836788
n = 10
m3 = 0
neval = 10000000
itn   integral        wgt average     chi2/dof        Q
-------------------------------------------------------
  1   1.92(46)e+28    1.92(46)e+28        0.00     1.00
  2   2.0(1.1)e+29    1.96(46)e+28        2.75     0.10
  3   8.4(6.6)e+28    1.99(46)e+28        1.85     0.16
  4   2.9(1.2)e+28    2.11(43)e+28        1.40     0.24
  5   7.7(3.6)e+28    2.19(43)e+28        1.64     0.16
  6   1.09(65)e+29    2.22(43)e+28        1.66     0.14
  7   1.01(57)e+29    2.27(43)e+28        1.70     0.12
  8   5.5(2.9)e+28    2.34(42)e+28        1.63     0.12
  9   4.1(3.8)e+29    2.34(42)e+28        1.56     0.13
 10   2.9(1.3)e+28    2.39(40)e+28        1.40     0.18

result = 2.39(40)e+28    Q = 0.18
Time elapsed: 223.10
ma = 0.511
mb = 0.511
m1 = 106.0
m2 = 0.511
pFa = 193.5970754338753
pFb = 193.5970754338753
pF1 = 162.00027388109442
pF2 = 193.5970754338753
mu_a = 193.59774982563616
mu_b = 193.59774982563616
mu_1 = 193.59774982563616
mu_2 = 193.59774982563616
beta_F_mu = 0.836788
n = 10
m3 = 0
neval = 10000000
Columns:T / 10^9 K,emissivity (ergs/cm^3/s),error
file updated at results/ee-to-uea/emissivity-vs-T-beta_F_mu=8.368e-01-n=10-m3=0-neval=10000000.csv

--------
Starting ee->uea
--------
T = 86.1733
Parameters
----------
ma = 0.511
mb = 0.511
m1 = 106.0
m2 = 0.511
pFa = 193.5970754338753
pFb = 193.5970754338753
pF1 = 162.00027388109442
pF2 = 193.5970754338753
mu_a = 193.59774982563616
mu_b = 193.59774982563616
mu_1 = 193.59774982563616
mu_2 = 193.59774982563616
beta_F_mu = 0.836788
n = 10
m3 = 0
neval = 10000000
itn   integral        wgt average     chi2/dof        Q
-------------------------------------------------------
  1   7.7(6.1)e+35    7.7(6.1)e+35        0.00     1.00
  2   1.3(1.3)e+37    8.0(6.1)e+35        0.93     0.33
  3   8.9(4.2)e+35    8.6(3.5)e+35        0.48     0.62
  4   2.5(1.5)e+36    9.5(3.4)e+35        0.70     0.55
  5   1.5(1.5)e+38    9.5(3.4)e+35        0.78     0.54
  6   1.29(81)e+36    10.0(3.1)e+35       0.66     0.66
  7   3.0(1.1)e+35    3.8(1.0)e+35        1.29     0.26
  8   4.9(1.5)e+35    4.16(85)e+35        1.15     0.33
  9   3.2(1.1)e+35    3.80(68)e+35        1.07     0.38
 10   4.7(2.3)e+35    3.88(65)e+35        0.97     0.46

result = 3.88(65)e+35    Q = 0.46
Time elapsed: 209.37
ma = 0.511
mb = 0.511
m1 = 106.0
m2 = 0.511
pFa = 193.5970754338753
pFb = 193.5970754338753
pF1 = 162.00027388109442
pF2 = 193.5970754338753
mu_a = 193.59774982563616
mu_b = 193.59774982563616
mu_1 = 193.59774982563616
mu_2 = 193.59774982563616
beta_F_mu = 0.836788
n = 10
m3 = 0
neval = 10000000
Columns:T / 10^9 K,emissivity (ergs/cm^3/s),error
file updated at results/ee-to-uea/emissivity-vs-T-beta_F_mu=8.368e-01-n=10-m3=0-neval=10000000.csv

--------
Starting ee->uea
--------
T = 861.733
Parameters
----------
ma = 0.511
mb = 0.511
m1 = 106.0
m2 = 0.511
pFa = 193.5970754338753
pFb = 193.5970754338753
pF1 = 162.00027388109442
pF2 = 193.5970754338753
mu_a = 193.59774982563616
mu_b = 193.59774982563616
mu_1 = 193.59774982563616
mu_2 = 193.59774982563616
beta_F_mu = 0.836788
n = 10
m3 = 0
neval = 10000000
itn   integral        wgt average     chi2/dof        Q
-------------------------------------------------------
  1   3.5(2.4)e+44    3.5(2.4)e+44        0.00     1.00
  2   1.1(1.0)e+45    3.9(2.3)e+44        0.58     0.45
  3   2.04(94)e+43    2.10(94)e+43        1.56     0.21
  4   6.6(4.0)e+44    2.13(94)e+43        1.88     0.13
  5   2.6(1.1)e+43    2.33(71)e+43        1.43     0.22
  6   3.4(1.5)e+43    2.52(64)e+43        1.23     0.29
  7   2.9(2.3)e+44    2.54(64)e+43        1.25     0.28
  8   2.7(2.4)e+44    2.55(64)e+43        1.22     0.29
  9   6.4(2.9)e+43    2.73(63)e+43        1.27     0.25
 10   1.8(1.4)e+44    2.76(63)e+43        1.25     0.26

result = 2.76(63)e+43    Q = 0.26
Time elapsed: 157.37
ma = 0.511
mb = 0.511
m1 = 106.0
m2 = 0.511
pFa = 193.5970754338753
pFb = 193.5970754338753
pF1 = 162.00027388109442
pF2 = 193.5970754338753
mu_a = 193.59774982563616
mu_b = 193.59774982563616
mu_1 = 193.59774982563616
mu_2 = 193.59774982563616
beta_F_mu = 0.836788
n = 10
m3 = 0
neval = 10000000
Columns:T / 10^9 K,emissivity (ergs/cm^3/s),error
file updated at results/ee-to-uea/emissivity-vs-T-beta_F_mu=8.368e-01-n=10-m3=0-neval=10000000.csv

--------
Starting ue->eea
--------
T = 0.0008617329999999999
Parameters
----------
ma = 106.0
mb = 0.511
m1 = 0.511
m2 = 0.511
pFa = 162.00027388109442
pFb = 162.00027388109442
pF1 = 162.00027388109442
pF2 = 193.5970754338753
mu_a = 193.59774982563616
mu_b = 193.59774982563616
mu_1 = 193.59774982563616
mu_2 = 193.59774982563616
beta_F_mu = 0.836788
n = 10
m3 = 0
neval = 10000000
itn   integral        wgt average     chi2/dof        Q
-------------------------------------------------------
  1   1.74(69)e-07    1.74(69)e-07        0.00     1.00
  2   9.7(3.4)e-08    1.12(30)e-07        1.01     0.31
  3   8.9(3.5)e-08    1.02(23)e-07        0.63     0.53
  4   6.9(2.5)e-08    8.7(1.7)e-08        0.73     0.54
  5   1.42(92)e-07    8.9(1.7)e-08        0.63     0.64
  6   4.3(3.2)e-07    9.0(1.7)e-08        0.74     0.60
  7   1.21(66)e-07    9.2(1.6)e-08        0.65     0.69
  8   1.23(43)e-07    9.5(1.5)e-08        0.62     0.74
  9   7.1(2.8)e-08    9.0(1.3)e-08        0.61     0.77
 10   1.28(50)e-07    9.3(1.3)e-08        0.61     0.79

result = 9.3(1.3)e-08    Q = 0.79
Time elapsed: 226.39
ma = 106.0
mb = 0.511
m1 = 0.511
m2 = 0.511
pFa = 162.00027388109442
pFb = 162.00027388109442
pF1 = 162.00027388109442
pF2 = 193.5970754338753
mu_a = 193.59774982563616
mu_b = 193.59774982563616
mu_1 = 193.59774982563616
mu_2 = 193.59774982563616
beta_F_mu = 0.836788
n = 10
m3 = 0
neval = 10000000
Columns:T / 10^9 K,emissivity (ergs/cm^3/s),error
file updated at results/ue-to-eea/emissivity-vs-T-beta_F_mu=8.368e-01-n=10-m3=0-neval=10000000.csv

--------
Starting ue->eea
--------
T = 0.00861733
Parameters
----------
ma = 106.0
mb = 0.511
m1 = 0.511
m2 = 0.511
pFa = 162.00027388109442
pFb = 162.00027388109442
pF1 = 162.00027388109442
pF2 = 193.5970754338753
mu_a = 193.59774982563616
mu_b = 193.59774982563616
mu_1 = 193.59774982563616
mu_2 = 193.59774982563616
beta_F_mu = 0.836788
n = 10
m3 = 0
neval = 10000000
itn   integral        wgt average     chi2/dof        Q
-------------------------------------------------------
  1   11.0(1.9)       11.0(1.9)           0.00     1.00
  2   10.4(1.7)       10.7(1.3)           0.05     0.82
  3   16.8(2.9)       11.7(1.2)           1.94     0.14
  4   17.5(4.8)       12.0(1.1)           1.76     0.15
  5   23.5(5.6)       12.4(1.1)           2.35     0.05
  6   12.3(2.3)       12.4(1.0)           1.88     0.09
  7   15.5(2.4)       12.88(92)           1.81     0.09
  8   13.9(2.2)       13.03(85)           1.58     0.14
  9   13.9(3.1)       13.09(82)           1.39     0.20
 10   14.7(3.3)       13.18(80)           1.26     0.25

result = 13.18(80)    Q = 0.25
Time elapsed: 234.92
ma = 106.0
mb = 0.511
m1 = 0.511
m2 = 0.511
pFa = 162.00027388109442
pFb = 162.00027388109442
pF1 = 162.00027388109442
pF2 = 193.5970754338753
mu_a = 193.59774982563616
mu_b = 193.59774982563616
mu_1 = 193.59774982563616
mu_2 = 193.59774982563616
beta_F_mu = 0.836788
n = 10
m3 = 0
neval = 10000000
Columns:T / 10^9 K,emissivity (ergs/cm^3/s),error
file updated at results/ue-to-eea/emissivity-vs-T-beta_F_mu=8.368e-01-n=10-m3=0-neval=10000000.csv

--------
Starting ue->eea
--------
T = 0.0861733
Parameters
----------
ma = 106.0
mb = 0.511
m1 = 0.511
m2 = 0.511
pFa = 162.00027388109442
pFb = 162.00027388109442
pF1 = 162.00027388109442
pF2 = 193.5970754338753
mu_a = 193.59774982563616
mu_b = 193.59774982563616
mu_1 = 193.59774982563616
mu_2 = 193.59774982563616
beta_F_mu = 0.836788
n = 10
m3 = 0
neval = 10000000
itn   integral        wgt average     chi2/dof        Q
-------------------------------------------------------
  1   1.528(95)e+09   1.528(95)e+09       0.00     1.00
  2   1.70(16)e+09    1.574(81)e+09       0.86     0.35
  3   1.438(94)e+09   1.516(61)e+09       1.03     0.36
  4   1.422(87)e+09   1.485(50)e+09       0.95     0.42
  5   1.69(18)e+09    1.500(48)e+09       1.02     0.39
  6   1.416(85)e+09   1.480(42)e+09       0.97     0.44
  7   1.68(13)e+09    1.499(40)e+09       1.18     0.31
  8   1.60(12)e+09    1.510(38)e+09       1.11     0.35
  9   1.55(12)e+09    1.513(36)e+09       0.99     0.44
 10   1.395(87)e+09   1.496(33)e+09       1.05     0.40

result = 1.496(33)e+09    Q = 0.40
Time elapsed: 232.12
ma = 106.0
mb = 0.511
m1 = 0.511
m2 = 0.511
pFa = 162.00027388109442
pFb = 162.00027388109442
pF1 = 162.00027388109442
pF2 = 193.5970754338753
mu_a = 193.59774982563616
mu_b = 193.59774982563616
mu_1 = 193.59774982563616
mu_2 = 193.59774982563616
beta_F_mu = 0.836788
n = 10
m3 = 0
neval = 10000000
Columns:T / 10^9 K,emissivity (ergs/cm^3/s),error
file updated at results/ue-to-eea/emissivity-vs-T-beta_F_mu=8.368e-01-n=10-m3=0-neval=10000000.csv

--------
Starting ue->eea
--------
T = 0.861733
Parameters
----------
ma = 106.0
mb = 0.511
m1 = 0.511
m2 = 0.511
pFa = 162.00027388109442
pFb = 162.00027388109442
pF1 = 162.00027388109442
pF2 = 193.5970754338753
mu_a = 193.59774982563616
mu_b = 193.59774982563616
mu_1 = 193.59774982563616
mu_2 = 193.59774982563616
beta_F_mu = 0.836788
n = 10
m3 = 0
neval = 10000000
itn   integral        wgt average     chi2/dof        Q
-------------------------------------------------------
  1   6.7(5.2)e+18    6.7(5.2)e+18        0.00     1.00
  2   5.5(3.4)e+19    7.8(5.1)e+18        1.91     0.17
  3   3.0(1.5)e+19    1.01(49)e+19        1.91     0.15
  4   1.4(1.0)e+19    1.08(44)e+19        1.31     0.27
  5   4.7(2.5)e+19    1.19(43)e+19        1.49     0.20
  6   2.9(1.8)e+18    4.2(1.7)e+18        1.93     0.09
  7   1.01(45)e+19    4.9(1.6)e+18        1.86     0.08
  8   5.1(3.2)e+18    5.0(1.4)e+18        1.60     0.13
  9   1.73(87)e+19    5.3(1.4)e+18        1.64     0.11
 10   8.7(6.8)e+19    5.3(1.4)e+18        1.62     0.10

result = 5.3(1.4)e+18    Q = 0.10
Time elapsed: 169.32
ma = 106.0
mb = 0.511
m1 = 0.511
m2 = 0.511
pFa = 162.00027388109442
pFb = 162.00027388109442
pF1 = 162.00027388109442
pF2 = 193.5970754338753
mu_a = 193.59774982563616
mu_b = 193.59774982563616
mu_1 = 193.59774982563616
mu_2 = 193.59774982563616
beta_F_mu = 0.836788
n = 10
m3 = 0
neval = 10000000
Columns:T / 10^9 K,emissivity (ergs/cm^3/s),error
file updated at results/ue-to-eea/emissivity-vs-T-beta_F_mu=8.368e-01-n=10-m3=0-neval=10000000.csv

--------
Starting ue->eea
--------
T = 8.617329999999999
Parameters
----------
ma = 106.0
mb = 0.511
m1 = 0.511
m2 = 0.511
pFa = 162.00027388109442
pFb = 162.00027388109442
pF1 = 162.00027388109442
pF2 = 193.5970754338753
mu_a = 193.59774982563616
mu_b = 193.59774982563616
mu_1 = 193.59774982563616
mu_2 = 193.59774982563616
beta_F_mu = 0.836788
n = 10
m3 = 0
neval = 10000000
itn   integral        wgt average     chi2/dof        Q
-------------------------------------------------------
  1   8.9(3.4)e+28    8.9(3.4)e+28        0.00     1.00
  2   3.9(2.4)e+29    9.5(3.4)e+28        1.52     0.22
  3   1.4(1.4)e+31    9.5(3.4)e+28        1.26     0.28
  4   3.9(2.1)e+29    1.02(34)e+29        1.49     0.22
  5   3.6(2.3)e+29    1.08(33)e+29        1.44     0.22
  6   4.0(2.0)e+29    1.16(33)e+29        1.57     0.17
  7   1.32(90)e+29    1.18(31)e+29        1.31     0.25
  8   2.0(1.6)e+30    1.19(31)e+29        1.31     0.24
  9   4.0(1.7)e+29    1.28(30)e+29        1.49     0.16
 10   8.8(4.2)e+28    1.14(25)e+29        1.39     0.19

result = 1.14(25)e+29    Q = 0.19
Time elapsed: 191.74
ma = 106.0
mb = 0.511
m1 = 0.511
m2 = 0.511
pFa = 162.00027388109442
pFb = 162.00027388109442
pF1 = 162.00027388109442
pF2 = 193.5970754338753
mu_a = 193.59774982563616
mu_b = 193.59774982563616
mu_1 = 193.59774982563616
mu_2 = 193.59774982563616
beta_F_mu = 0.836788
n = 10
m3 = 0
neval = 10000000
Columns:T / 10^9 K,emissivity (ergs/cm^3/s),error
file updated at results/ue-to-eea/emissivity-vs-T-beta_F_mu=8.368e-01-n=10-m3=0-neval=10000000.csv

--------
Starting ue->eea
--------
T = 86.1733
Parameters
----------
ma = 106.0
mb = 0.511
m1 = 0.511
m2 = 0.511
pFa = 162.00027388109442
pFb = 162.00027388109442
pF1 = 162.00027388109442
pF2 = 193.5970754338753
mu_a = 193.59774982563616
mu_b = 193.59774982563616
mu_1 = 193.59774982563616
mu_2 = 193.59774982563616
beta_F_mu = 0.836788
n = 10
m3 = 0
neval = 10000000
itn   integral        wgt average     chi2/dof        Q
-------------------------------------------------------
  1   1.35(53)e+36    1.35(53)e+36        0.00     1.00
  2   6.3(2.2)e+35    7.3(2.0)e+35        1.58     0.21
  3   1.6(1.0)e+36    7.6(2.0)e+35        1.13     0.32
  4   1.8(1.2)e+36    7.9(1.9)e+35        1.01     0.39
  5   3.0(2.7)e+37    7.9(1.9)e+35        1.05     0.38
  6   8.4(2.4)e+35    8.1(1.5)e+35        0.85     0.52
  7   1.67(95)e+36    8.3(1.5)e+35        0.84     0.54
  8   9.6(4.6)e+35    8.4(1.4)e+35        0.73     0.65
  9   1.76(82)e+36    8.7(1.4)e+35        0.79     0.61
 10   5.6(4.7)e+36    8.7(1.4)e+35        0.82     0.60

result = 8.7(1.4)e+35    Q = 0.60
Time elapsed: 236.29
ma = 106.0
mb = 0.511
m1 = 0.511
m2 = 0.511
pFa = 162.00027388109442
pFb = 162.00027388109442
pF1 = 162.00027388109442
pF2 = 193.5970754338753
mu_a = 193.59774982563616
mu_b = 193.59774982563616
mu_1 = 193.59774982563616
mu_2 = 193.59774982563616
beta_F_mu = 0.836788
n = 10
m3 = 0
neval = 10000000
Columns:T / 10^9 K,emissivity (ergs/cm^3/s),error
file updated at results/ue-to-eea/emissivity-vs-T-beta_F_mu=8.368e-01-n=10-m3=0-neval=10000000.csv

--------
Starting ue->eea
--------
T = 861.733
Parameters
----------
ma = 106.0
mb = 0.511
m1 = 0.511
m2 = 0.511
pFa = 162.00027388109442
pFb = 162.00027388109442
pF1 = 162.00027388109442
pF2 = 193.5970754338753
mu_a = 193.59774982563616
mu_b = 193.59774982563616
mu_1 = 193.59774982563616
mu_2 = 193.59774982563616
beta_F_mu = 0.836788
n = 10
m3 = 0
neval = 10000000
itn   integral        wgt average     chi2/dof        Q
-------------------------------------------------------
  1   1.9(1.8)e+46    1.9(1.8)e+46        0.00     1.00
  2   7.0(6.9)e+45    8.5(6.5)e+45        0.34     0.56
  3   1.08(67)e+44    1.09(67)e+44        0.99     0.37
  4   1.0(1.0)e+46    1.09(67)e+44        0.99     0.40
  5   1.08(38)e+44    1.08(33)e+44        0.74     0.56
  6   1.51(92)e+44    1.13(31)e+44        0.63     0.67
  7   2.5(1.5)e+44    1.18(30)e+44        0.66     0.68
  8   2.5(2.4)e+45    1.19(30)e+44        0.71     0.66
  9   3.8(2.3)e+44    1.23(30)e+44        0.78     0.62
 10   3.8(2.9)e+44    1.26(30)e+44        0.77     0.64

result = 1.26(30)e+44    Q = 0.64
Time elapsed: 173.11
ma = 106.0
mb = 0.511
m1 = 0.511
m2 = 0.511
pFa = 162.00027388109442
pFb = 162.00027388109442
pF1 = 162.00027388109442
pF2 = 193.5970754338753
mu_a = 193.59774982563616
mu_b = 193.59774982563616
mu_1 = 193.59774982563616
mu_2 = 193.59774982563616
beta_F_mu = 0.836788
n = 10
m3 = 0
neval = 10000000
Columns:T / 10^9 K,emissivity (ergs/cm^3/s),error
file updated at results/ue-to-eea/emissivity-vs-T-beta_F_mu=8.368e-01-n=10-m3=0-neval=10000000.csv
